{"/home/gabriel/projetos - Driven/modulo5/projeto21-autoral/back-end/src/app.ts": {"path":"/home/gabriel/projetos - Driven/modulo5/projeto21-autoral/back-end/src/app.ts","statementMap":{"0":{"start":{"line":1,"column":0},"end":{"line":1,"column":30}},"1":{"start":{"line":2,"column":0},"end":{"line":2,"column":24}},"2":{"start":{"line":3,"column":0},"end":{"line":3,"column":53}},"3":{"start":{"line":4,"column":0},"end":{"line":4,"column":51}},"4":{"start":{"line":5,"column":0},"end":{"line":5,"column":59}},"5":{"start":{"line":6,"column":0},"end":{"line":6,"column":53}},"6":{"start":{"line":7,"column":0},"end":{"line":7,"column":56}},"7":{"start":{"line":8,"column":0},"end":{"line":8,"column":52}},"8":{"start":{"line":10,"column":12},"end":{"line":10,"column":21}},"9":{"start":{"line":12,"column":0},"end":{"line":21,"column":29}},"10":{"start":{"line":15,"column":37},"end":{"line":15,"column":54}},"11":{"start":{"line":15,"column":38},"end":{"line":15,"column":54}},"12":{"start":{"line":23,"column":0},"end":{"line":23,"column":19}}},"fnMap":{"0":{"name":"(anonymous_8)","decl":{"start":{"line":15,"column":18},"end":{"line":15,"column":25}},"loc":{"start":{"line":15,"column":37},"end":{"line":15,"column":54}}},"1":{"name":"(anonymous_9)","decl":{"start":{"line":15,"column":37},"end":{"line":15,"column":38}},"loc":{"start":{"line":15,"column":37},"end":{"line":15,"column":54}}}},"branchMap":{},"s":{"0":3,"1":3,"2":3,"3":3,"4":3,"5":3,"6":3,"7":3,"8":3,"9":3,"10":0,"11":0,"12":3},"f":{"0":0,"1":0},"b":{}}
,"/home/gabriel/projetos - Driven/modulo5/projeto21-autoral/back-end/src/config/database.ts": {"path":"/home/gabriel/projetos - Driven/modulo5/projeto21-autoral/back-end/src/config/database.ts","statementMap":{"0":{"start":{"line":1,"column":0},"end":{"line":1,"column":45}},"1":{"start":{"line":3,"column":15},"end":{"line":3,"column":33}},"2":{"start":{"line":5,"column":0},"end":{"line":5,"column":22}}},"fnMap":{},"branchMap":{},"s":{"0":3,"1":3,"2":3},"f":{},"b":{}}
,"/home/gabriel/projetos - Driven/modulo5/projeto21-autoral/back-end/src/controllers/auth-controller.ts": {"path":"/home/gabriel/projetos - Driven/modulo5/projeto21-autoral/back-end/src/controllers/auth-controller.ts","statementMap":{"0":{"start":{"line":2,"column":0},"end":{"line":2,"column":51}},"1":{"start":{"line":5,"column":30},"end":{"line":5,"column":38}},"2":{"start":{"line":7,"column":2},"end":{"line":15,"column":null}},"3":{"start":{"line":8,"column":18},"end":{"line":8,"column":63}},"4":{"start":{"line":10,"column":4},"end":{"line":10,"column":43}},"5":{"start":{"line":12,"column":4},"end":{"line":12,"column":23}},"6":{"start":{"line":14,"column":4},"end":{"line":14,"column":31}},"7":{"start":{"line":4,"column":0},"end":{"line":4,"column":22}}},"fnMap":{"0":{"name":"authController","decl":{"start":{"line":4,"column":22},"end":{"line":4,"column":36}},"loc":{"start":{"line":4,"column":64},"end":{"line":16,"column":2}}}},"branchMap":{},"s":{"0":3,"1":3,"2":3,"3":3,"4":1,"5":2,"6":2,"7":3},"f":{"0":3},"b":{}}
,"/home/gabriel/projetos - Driven/modulo5/projeto21-autoral/back-end/src/controllers/notes-controller.ts": {"path":"/home/gabriel/projetos - Driven/modulo5/projeto21-autoral/back-end/src/controllers/notes-controller.ts","statementMap":{"0":{"start":{"line":2,"column":0},"end":{"line":2,"column":52}},"1":{"start":{"line":5,"column":15},"end":{"line":5,"column":23}},"2":{"start":{"line":7,"column":17},"end":{"line":7,"column":34}},"3":{"start":{"line":9,"column":2},"end":{"line":19,"column":null}},"4":{"start":{"line":10,"column":4},"end":{"line":10,"column":47}},"5":{"start":{"line":12,"column":4},"end":{"line":12,"column":24}},"6":{"start":{"line":14,"column":4},"end":{"line":14,"column":23}},"7":{"start":{"line":16,"column":4},"end":{"line":16,"column":63}},"8":{"start":{"line":16,"column":43},"end":{"line":16,"column":63}},"9":{"start":{"line":18,"column":4},"end":{"line":18,"column":24}},"10":{"start":{"line":4,"column":0},"end":{"line":4,"column":22}},"11":{"start":{"line":23,"column":24},"end":{"line":23,"column":34}},"12":{"start":{"line":25,"column":17},"end":{"line":25,"column":34}},"13":{"start":{"line":26,"column":2},"end":{"line":36,"column":null}},"14":{"start":{"line":27,"column":18},"end":{"line":27,"column":82}},"15":{"start":{"line":29,"column":4},"end":{"line":29,"column":32}},"16":{"start":{"line":31,"column":4},"end":{"line":31,"column":23}},"17":{"start":{"line":33,"column":4},"end":{"line":33,"column":63}},"18":{"start":{"line":33,"column":43},"end":{"line":33,"column":63}},"19":{"start":{"line":35,"column":4},"end":{"line":35,"column":24}},"20":{"start":{"line":22,"column":0},"end":{"line":22,"column":22}}},"fnMap":{"0":{"name":"createNote","decl":{"start":{"line":4,"column":22},"end":{"line":4,"column":32}},"loc":{"start":{"line":4,"column":60},"end":{"line":20,"column":2}}},"1":{"name":"getNotes","decl":{"start":{"line":22,"column":22},"end":{"line":22,"column":30}},"loc":{"start":{"line":22,"column":58},"end":{"line":37,"column":2}}}},"branchMap":{"0":{"loc":{"start":{"line":16,"column":4},"end":{"line":16,"column":63}},"type":"if","locations":[{"start":{"line":16,"column":4},"end":{"line":16,"column":63}}]},"1":{"loc":{"start":{"line":33,"column":4},"end":{"line":33,"column":63}},"type":"if","locations":[{"start":{"line":33,"column":4},"end":{"line":33,"column":63}}]}},"s":{"0":3,"1":0,"2":0,"3":0,"4":0,"5":0,"6":0,"7":0,"8":0,"9":0,"10":3,"11":0,"12":0,"13":0,"14":0,"15":0,"16":0,"17":0,"18":0,"19":0,"20":3},"f":{"0":0,"1":0},"b":{"0":[0],"1":[0]}}
,"/home/gabriel/projetos - Driven/modulo5/projeto21-autoral/back-end/src/controllers/projects-controller.ts": {"path":"/home/gabriel/projetos - Driven/modulo5/projeto21-autoral/back-end/src/controllers/projects-controller.ts","statementMap":{"0":{"start":{"line":2,"column":0},"end":{"line":2,"column":59}},"1":{"start":{"line":5,"column":17},"end":{"line":5,"column":34}},"2":{"start":{"line":7,"column":18},"end":{"line":7,"column":26}},"3":{"start":{"line":9,"column":2},"end":{"line":19,"column":null}},"4":{"start":{"line":10,"column":4},"end":{"line":10,"column":57}},"5":{"start":{"line":12,"column":4},"end":{"line":12,"column":24}},"6":{"start":{"line":14,"column":4},"end":{"line":14,"column":23}},"7":{"start":{"line":16,"column":4},"end":{"line":16,"column":66}},"8":{"start":{"line":16,"column":39},"end":{"line":16,"column":66}},"9":{"start":{"line":18,"column":4},"end":{"line":18,"column":31}},"10":{"start":{"line":4,"column":0},"end":{"line":4,"column":22}},"11":{"start":{"line":23,"column":17},"end":{"line":23,"column":34}},"12":{"start":{"line":25,"column":2},"end":{"line":33,"column":null}},"13":{"start":{"line":26,"column":25},"end":{"line":26,"column":74}},"14":{"start":{"line":28,"column":4},"end":{"line":28,"column":46}},"15":{"start":{"line":30,"column":4},"end":{"line":30,"column":23}},"16":{"start":{"line":32,"column":4},"end":{"line":32,"column":31}},"17":{"start":{"line":22,"column":0},"end":{"line":22,"column":22}}},"fnMap":{"0":{"name":"createProject","decl":{"start":{"line":4,"column":22},"end":{"line":4,"column":35}},"loc":{"start":{"line":4,"column":63},"end":{"line":20,"column":2}}},"1":{"name":"getProjects","decl":{"start":{"line":22,"column":22},"end":{"line":22,"column":33}},"loc":{"start":{"line":22,"column":61},"end":{"line":34,"column":2}}}},"branchMap":{"0":{"loc":{"start":{"line":16,"column":4},"end":{"line":16,"column":66}},"type":"if","locations":[{"start":{"line":16,"column":4},"end":{"line":16,"column":66}}]}},"s":{"0":3,"1":2,"2":2,"3":2,"4":2,"5":1,"6":1,"7":1,"8":1,"9":0,"10":3,"11":0,"12":0,"13":0,"14":0,"15":0,"16":0,"17":3},"f":{"0":2,"1":0},"b":{"0":[1]}}
,"/home/gabriel/projetos - Driven/modulo5/projeto21-autoral/back-end/src/controllers/sprints-controller.ts": {"path":"/home/gabriel/projetos - Driven/modulo5/projeto21-autoral/back-end/src/controllers/sprints-controller.ts","statementMap":{"0":{"start":{"line":2,"column":0},"end":{"line":2,"column":56}},"1":{"start":{"line":5,"column":17},"end":{"line":5,"column":34}},"2":{"start":{"line":7,"column":17},"end":{"line":7,"column":25}},"3":{"start":{"line":9,"column":2},"end":{"line":22,"column":4}},"4":{"start":{"line":10,"column":22},"end":{"line":10,"column":70}},"5":{"start":{"line":12,"column":4},"end":{"line":12,"column":36}},"6":{"start":{"line":14,"column":4},"end":{"line":14,"column":23}},"7":{"start":{"line":15,"column":4},"end":{"line":15,"column":59}},"8":{"start":{"line":15,"column":39},"end":{"line":15,"column":59}},"9":{"start":{"line":17,"column":8},"end":{"line":17,"column":67}},"10":{"start":{"line":17,"column":47},"end":{"line":17,"column":67}},"11":{"start":{"line":19,"column":4},"end":{"line":19,"column":59}},"12":{"start":{"line":19,"column":39},"end":{"line":19,"column":59}},"13":{"start":{"line":21,"column":4},"end":{"line":21,"column":24}},"14":{"start":{"line":4,"column":0},"end":{"line":4,"column":22}},"15":{"start":{"line":26,"column":17},"end":{"line":26,"column":34}},"16":{"start":{"line":28,"column":24},"end":{"line":28,"column":34}},"17":{"start":{"line":30,"column":2},"end":{"line":40,"column":4}},"18":{"start":{"line":31,"column":20},"end":{"line":31,"column":88}},"19":{"start":{"line":33,"column":4},"end":{"line":33,"column":34}},"20":{"start":{"line":36,"column":4},"end":{"line":36,"column":23}},"21":{"start":{"line":38,"column":4},"end":{"line":38,"column":24}},"22":{"start":{"line":25,"column":0},"end":{"line":25,"column":22}}},"fnMap":{"0":{"name":"createSprint","decl":{"start":{"line":4,"column":22},"end":{"line":4,"column":34}},"loc":{"start":{"line":4,"column":62},"end":{"line":23,"column":2}}},"1":{"name":"getSprintsByProjectId","decl":{"start":{"line":25,"column":22},"end":{"line":25,"column":43}},"loc":{"start":{"line":25,"column":71},"end":{"line":41,"column":2}}}},"branchMap":{"0":{"loc":{"start":{"line":15,"column":4},"end":{"line":15,"column":59}},"type":"if","locations":[{"start":{"line":15,"column":4},"end":{"line":15,"column":59}}]},"1":{"loc":{"start":{"line":17,"column":8},"end":{"line":17,"column":67}},"type":"if","locations":[{"start":{"line":17,"column":8},"end":{"line":17,"column":67}}]},"2":{"loc":{"start":{"line":19,"column":4},"end":{"line":19,"column":59}},"type":"if","locations":[{"start":{"line":19,"column":4},"end":{"line":19,"column":59}}]}},"s":{"0":3,"1":0,"2":0,"3":0,"4":0,"5":0,"6":0,"7":0,"8":0,"9":0,"10":0,"11":0,"12":0,"13":0,"14":3,"15":0,"16":0,"17":0,"18":0,"19":0,"20":0,"21":0,"22":3},"f":{"0":0,"1":0},"b":{"0":[0],"1":[0],"2":[0]}}
,"/home/gabriel/projetos - Driven/modulo5/projeto21-autoral/back-end/src/controllers/tasks-controller.ts": {"path":"/home/gabriel/projetos - Driven/modulo5/projeto21-autoral/back-end/src/controllers/tasks-controller.ts","statementMap":{"0":{"start":{"line":2,"column":0},"end":{"line":2,"column":51}},"1":{"start":{"line":5,"column":17},"end":{"line":5,"column":34}},"2":{"start":{"line":7,"column":15},"end":{"line":7,"column":23}},"3":{"start":{"line":8,"column":2},"end":{"line":20,"column":null}},"4":{"start":{"line":9,"column":20},"end":{"line":9,"column":62}},"5":{"start":{"line":11,"column":4},"end":{"line":11,"column":34}},"6":{"start":{"line":13,"column":4},"end":{"line":13,"column":23}},"7":{"start":{"line":15,"column":4},"end":{"line":15,"column":66}},"8":{"start":{"line":15,"column":39},"end":{"line":15,"column":66}},"9":{"start":{"line":17,"column":4},"end":{"line":17,"column":70}},"10":{"start":{"line":17,"column":43},"end":{"line":17,"column":70}},"11":{"start":{"line":19,"column":4},"end":{"line":19,"column":31}},"12":{"start":{"line":4,"column":0},"end":{"line":4,"column":22}},"13":{"start":{"line":24,"column":17},"end":{"line":24,"column":34}},"14":{"start":{"line":26,"column":23},"end":{"line":26,"column":33}},"15":{"start":{"line":28,"column":2},"end":{"line":40,"column":null}},"16":{"start":{"line":29,"column":18},"end":{"line":29,"column":80}},"17":{"start":{"line":31,"column":4},"end":{"line":31,"column":32}},"18":{"start":{"line":33,"column":4},"end":{"line":33,"column":23}},"19":{"start":{"line":35,"column":4},"end":{"line":35,"column":66}},"20":{"start":{"line":35,"column":39},"end":{"line":35,"column":66}},"21":{"start":{"line":37,"column":4},"end":{"line":37,"column":70}},"22":{"start":{"line":37,"column":43},"end":{"line":37,"column":70}},"23":{"start":{"line":39,"column":4},"end":{"line":39,"column":31}},"24":{"start":{"line":23,"column":0},"end":{"line":23,"column":22}}},"fnMap":{"0":{"name":"createTask","decl":{"start":{"line":4,"column":22},"end":{"line":4,"column":32}},"loc":{"start":{"line":4,"column":60},"end":{"line":21,"column":2}}},"1":{"name":"getTasks","decl":{"start":{"line":23,"column":22},"end":{"line":23,"column":30}},"loc":{"start":{"line":23,"column":58},"end":{"line":41,"column":2}}}},"branchMap":{"0":{"loc":{"start":{"line":15,"column":4},"end":{"line":15,"column":66}},"type":"if","locations":[{"start":{"line":15,"column":4},"end":{"line":15,"column":66}}]},"1":{"loc":{"start":{"line":17,"column":4},"end":{"line":17,"column":70}},"type":"if","locations":[{"start":{"line":17,"column":4},"end":{"line":17,"column":70}}]},"2":{"loc":{"start":{"line":35,"column":4},"end":{"line":35,"column":66}},"type":"if","locations":[{"start":{"line":35,"column":4},"end":{"line":35,"column":66}}]},"3":{"loc":{"start":{"line":37,"column":4},"end":{"line":37,"column":70}},"type":"if","locations":[{"start":{"line":37,"column":4},"end":{"line":37,"column":70}}]}},"s":{"0":3,"1":0,"2":0,"3":0,"4":0,"5":0,"6":0,"7":0,"8":0,"9":0,"10":0,"11":0,"12":3,"13":0,"14":0,"15":0,"16":0,"17":0,"18":0,"19":0,"20":0,"21":0,"22":0,"23":0,"24":3},"f":{"0":0,"1":0},"b":{"0":[0],"1":[0],"2":[0],"3":[0]}}
,"/home/gabriel/projetos - Driven/modulo5/projeto21-autoral/back-end/src/controllers/users-controller.ts": {"path":"/home/gabriel/projetos - Driven/modulo5/projeto21-autoral/back-end/src/controllers/users-controller.ts","statementMap":{"0":{"start":{"line":2,"column":0},"end":{"line":2,"column":52}},"1":{"start":{"line":5,"column":36},"end":{"line":5,"column":44}},"2":{"start":{"line":7,"column":2},"end":{"line":15,"column":4}},"3":{"start":{"line":8,"column":17},"end":{"line":8,"column":73}},"4":{"start":{"line":10,"column":4},"end":{"line":10,"column":31}},"5":{"start":{"line":12,"column":4},"end":{"line":12,"column":23}},"6":{"start":{"line":14,"column":4},"end":{"line":14,"column":24}},"7":{"start":{"line":4,"column":0},"end":{"line":4,"column":22}}},"fnMap":{"0":{"name":"createNewUser","decl":{"start":{"line":4,"column":22},"end":{"line":4,"column":35}},"loc":{"start":{"line":4,"column":63},"end":{"line":16,"column":2}}}},"branchMap":{},"s":{"0":3,"1":2,"2":2,"3":2,"4":1,"5":1,"6":1,"7":3},"f":{"0":2},"b":{}}
,"/home/gabriel/projetos - Driven/modulo5/projeto21-autoral/back-end/src/middlewares/authentication-middleware.ts": {"path":"/home/gabriel/projetos - Driven/modulo5/projeto21-autoral/back-end/src/middlewares/authentication-middleware.ts","statementMap":{"0":{"start":{"line":2,"column":0},"end":{"line":2,"column":31}},"1":{"start":{"line":3,"column":0},"end":{"line":3,"column":40}},"2":{"start":{"line":10,"column":21},"end":{"line":10,"column":48}},"3":{"start":{"line":12,"column":2},"end":{"line":12,"column":45}},"4":{"start":{"line":12,"column":18},"end":{"line":12,"column":45}},"5":{"start":{"line":14,"column":16},"end":{"line":14,"column":40}},"6":{"start":{"line":16,"column":2},"end":{"line":16,"column":40}},"7":{"start":{"line":16,"column":13},"end":{"line":16,"column":40}},"8":{"start":{"line":18,"column":2},"end":{"line":37,"column":null}},"9":{"start":{"line":19,"column":23},"end":{"line":19,"column":78}},"10":{"start":{"line":21,"column":17},"end":{"line":25,"column":6}},"11":{"start":{"line":27,"column":4},"end":{"line":27,"column":41}},"12":{"start":{"line":27,"column":14},"end":{"line":27,"column":41}},"13":{"start":{"line":29,"column":4},"end":{"line":29,"column":31}},"14":{"start":{"line":31,"column":4},"end":{"line":31,"column":18}},"15":{"start":{"line":34,"column":4},"end":{"line":34,"column":23}},"16":{"start":{"line":36,"column":4},"end":{"line":36,"column":31}},"17":{"start":{"line":9,"column":0},"end":{"line":9,"column":22}}},"fnMap":{"0":{"name":"authenticateToken","decl":{"start":{"line":9,"column":22},"end":{"line":9,"column":39}},"loc":{"start":{"line":9,"column":87},"end":{"line":38,"column":2}}}},"branchMap":{"0":{"loc":{"start":{"line":12,"column":2},"end":{"line":12,"column":45}},"type":"if","locations":[{"start":{"line":12,"column":2},"end":{"line":12,"column":45}}]},"1":{"loc":{"start":{"line":16,"column":2},"end":{"line":16,"column":40}},"type":"if","locations":[{"start":{"line":16,"column":2},"end":{"line":16,"column":40}}]},"2":{"loc":{"start":{"line":27,"column":4},"end":{"line":27,"column":41}},"type":"if","locations":[{"start":{"line":27,"column":4},"end":{"line":27,"column":41}}]}},"s":{"0":3,"1":3,"2":6,"3":6,"4":1,"5":5,"6":5,"7":0,"8":5,"9":5,"10":4,"11":4,"12":0,"13":4,"14":4,"15":1,"16":1,"17":3},"f":{"0":6},"b":{"0":[1],"1":[0],"2":[0]}}
,"/home/gabriel/projetos - Driven/modulo5/projeto21-autoral/back-end/src/middlewares/validation-middleware.ts": {"path":"/home/gabriel/projetos - Driven/modulo5/projeto21-autoral/back-end/src/middlewares/validation-middleware.ts","statementMap":{"0":{"start":{"line":7,"column":2},"end":{"line":7,"column":34}},"1":{"start":{"line":6,"column":0},"end":{"line":6,"column":16}},"2":{"start":{"line":12,"column":2},"end":{"line":12,"column":36}},"3":{"start":{"line":11,"column":0},"end":{"line":11,"column":16}},"4":{"start":{"line":16,"column":2},"end":{"line":26,"column":4}},"5":{"start":{"line":17,"column":22},"end":{"line":19,"column":6}},"6":{"start":{"line":21,"column":4},"end":{"line":25,"column":null}},"7":{"start":{"line":22,"column":8},"end":{"line":22,"column":15}},"8":{"start":{"line":24,"column":8},"end":{"line":24,"column":71}},"9":{"start":{"line":24,"column":59},"end":{"line":24,"column":68}}},"fnMap":{"0":{"name":"validateBody","decl":{"start":{"line":6,"column":16},"end":{"line":6,"column":28}},"loc":{"start":{"line":6,"column":55},"end":{"line":8,"column":1}}},"1":{"name":"validateParams","decl":{"start":{"line":11,"column":16},"end":{"line":11,"column":30}},"loc":{"start":{"line":11,"column":57},"end":{"line":13,"column":1}}},"2":{"name":"validate","decl":{"start":{"line":15,"column":9},"end":{"line":15,"column":17}},"loc":{"start":{"line":15,"column":63},"end":{"line":27,"column":1}}},"3":{"name":"(anonymous_3)","decl":{"start":{"line":16,"column":9},"end":{"line":16,"column":10}},"loc":{"start":{"line":16,"column":61},"end":{"line":26,"column":3}}},"4":{"name":"(anonymous_4)","decl":{"start":{"line":24,"column":54},"end":{"line":24,"column":55}},"loc":{"start":{"line":24,"column":59},"end":{"line":24,"column":68}}}},"branchMap":{"0":{"loc":{"start":{"line":21,"column":4},"end":{"line":25,"column":null}},"type":"if","locations":[{"start":{"line":21,"column":4},"end":{"line":25,"column":null}},{"start":{"line":23,"column":11},"end":{"line":25,"column":null}}]}},"s":{"0":18,"1":3,"2":9,"3":3,"4":27,"5":13,"6":13,"7":7,"8":6,"9":17},"f":{"0":18,"1":9,"2":27,"3":13,"4":17},"b":{"0":[7,6]}}
,"/home/gabriel/projetos - Driven/modulo5/projeto21-autoral/back-end/src/repositories/auth-repository/index.ts": {"path":"/home/gabriel/projetos - Driven/modulo5/projeto21-autoral/back-end/src/repositories/auth-repository/index.ts","statementMap":{"0":{"start":{"line":1,"column":0},"end":{"line":1,"column":43}},"1":{"start":{"line":4,"column":2},"end":{"line":8,"column":5}},"2":{"start":{"line":11,"column":23},"end":{"line":13,"column":2}},"3":{"start":{"line":15,"column":0},"end":{"line":15,"column":30}}},"fnMap":{"0":{"name":"getUserByEmail","decl":{"start":{"line":3,"column":15},"end":{"line":3,"column":29}},"loc":{"start":{"line":3,"column":43},"end":{"line":9,"column":null}}}},"branchMap":{},"s":{"0":3,"1":3,"2":3,"3":3},"f":{"0":3},"b":{}}
,"/home/gabriel/projetos - Driven/modulo5/projeto21-autoral/back-end/src/repositories/notes-repository/index.ts": {"path":"/home/gabriel/projetos - Driven/modulo5/projeto21-autoral/back-end/src/repositories/notes-repository/index.ts","statementMap":{"0":{"start":{"line":1,"column":0},"end":{"line":1,"column":43}},"1":{"start":{"line":5,"column":2},"end":{"line":11,"column":5}},"2":{"start":{"line":15,"column":2},"end":{"line":19,"column":5}},"3":{"start":{"line":22,"column":23},"end":{"line":25,"column":2}},"4":{"start":{"line":27,"column":0},"end":{"line":27,"column":30}}},"fnMap":{"0":{"name":"createNote","decl":{"start":{"line":4,"column":15},"end":{"line":4,"column":25}},"loc":{"start":{"line":4,"column":36},"end":{"line":12,"column":2}}},"1":{"name":"getNotesByProjectId","decl":{"start":{"line":14,"column":15},"end":{"line":14,"column":34}},"loc":{"start":{"line":14,"column":52},"end":{"line":20,"column":null}}}},"branchMap":{},"s":{"0":3,"1":0,"2":0,"3":3,"4":3},"f":{"0":0,"1":0},"b":{}}
,"/home/gabriel/projetos - Driven/modulo5/projeto21-autoral/back-end/src/repositories/projects-repository/index.ts": {"path":"/home/gabriel/projetos - Driven/modulo5/projeto21-autoral/back-end/src/repositories/projects-repository/index.ts","statementMap":{"0":{"start":{"line":1,"column":0},"end":{"line":1,"column":43}},"1":{"start":{"line":5,"column":2},"end":{"line":11,"column":5}},"2":{"start":{"line":15,"column":2},"end":{"line":20,"column":5}},"3":{"start":{"line":24,"column":2},"end":{"line":31,"column":5}},"4":{"start":{"line":35,"column":2},"end":{"line":42,"column":5}},"5":{"start":{"line":45,"column":27},"end":{"line":50,"column":2}},"6":{"start":{"line":52,"column":0},"end":{"line":52,"column":34}}},"fnMap":{"0":{"name":"createProject","decl":{"start":{"line":4,"column":15},"end":{"line":4,"column":28}},"loc":{"start":{"line":4,"column":45},"end":{"line":12,"column":2}}},"1":{"name":"createProjectMiddleTable","decl":{"start":{"line":14,"column":15},"end":{"line":14,"column":39}},"loc":{"start":{"line":14,"column":73},"end":{"line":21,"column":2}}},"2":{"name":"getProjectsByUserId","decl":{"start":{"line":23,"column":15},"end":{"line":23,"column":34}},"loc":{"start":{"line":23,"column":49},"end":{"line":32,"column":2}}},"3":{"name":"getProjectById","decl":{"start":{"line":34,"column":15},"end":{"line":34,"column":29}},"loc":{"start":{"line":34,"column":47},"end":{"line":43,"column":null}}}},"branchMap":{},"s":{"0":3,"1":1,"2":1,"3":2,"4":0,"5":3,"6":3},"f":{"0":1,"1":1,"2":2,"3":0},"b":{}}
,"/home/gabriel/projetos - Driven/modulo5/projeto21-autoral/back-end/src/repositories/sprints-repository/index.ts": {"path":"/home/gabriel/projetos - Driven/modulo5/projeto21-autoral/back-end/src/repositories/sprints-repository/index.ts","statementMap":{"0":{"start":{"line":1,"column":0},"end":{"line":1,"column":43}},"1":{"start":{"line":5,"column":2},"end":{"line":9,"column":5}},"2":{"start":{"line":13,"column":2},"end":{"line":20,"column":5}},"3":{"start":{"line":24,"column":2},"end":{"line":28,"column":5}},"4":{"start":{"line":32,"column":2},"end":{"line":36,"column":5}},"5":{"start":{"line":39,"column":25},"end":{"line":44,"column":2}},"6":{"start":{"line":46,"column":0},"end":{"line":46,"column":32}}},"fnMap":{"0":{"name":"getSprintByNumber","decl":{"start":{"line":4,"column":15},"end":{"line":4,"column":32}},"loc":{"start":{"line":4,"column":47},"end":{"line":10,"column":2}}},"1":{"name":"createSprint","decl":{"start":{"line":12,"column":15},"end":{"line":12,"column":27}},"loc":{"start":{"line":12,"column":42},"end":{"line":21,"column":2}}},"2":{"name":"getSprintById","decl":{"start":{"line":23,"column":15},"end":{"line":23,"column":28}},"loc":{"start":{"line":23,"column":39},"end":{"line":29,"column":null}}},"3":{"name":"getSprintsByProjectId","decl":{"start":{"line":31,"column":15},"end":{"line":31,"column":36}},"loc":{"start":{"line":31,"column":54},"end":{"line":37,"column":null}}}},"branchMap":{},"s":{"0":3,"1":0,"2":0,"3":0,"4":0,"5":3,"6":3},"f":{"0":0,"1":0,"2":0,"3":0},"b":{}}
,"/home/gabriel/projetos - Driven/modulo5/projeto21-autoral/back-end/src/repositories/tasks-repository/index.ts": {"path":"/home/gabriel/projetos - Driven/modulo5/projeto21-autoral/back-end/src/repositories/tasks-repository/index.ts","statementMap":{"0":{"start":{"line":1,"column":0},"end":{"line":1,"column":43}},"1":{"start":{"line":5,"column":2},"end":{"line":15,"column":5}},"2":{"start":{"line":19,"column":2},"end":{"line":23,"column":5}},"3":{"start":{"line":26,"column":23},"end":{"line":29,"column":2}},"4":{"start":{"line":31,"column":0},"end":{"line":31,"column":30}}},"fnMap":{"0":{"name":"createTask","decl":{"start":{"line":4,"column":15},"end":{"line":4,"column":25}},"loc":{"start":{"line":4,"column":57},"end":{"line":16,"column":2}}},"1":{"name":"getTasksBySprintId","decl":{"start":{"line":18,"column":15},"end":{"line":18,"column":33}},"loc":{"start":{"line":18,"column":44},"end":{"line":24,"column":null}}}},"branchMap":{"0":{"loc":{"start":{"line":8,"column":21},"end":{"line":8,"column":38}},"type":"binary-expr","locations":[{"start":{"line":8,"column":21},"end":{"line":8,"column":32}},{"start":{"line":8,"column":36},"end":{"line":8,"column":38}}]},"1":{"loc":{"start":{"line":10,"column":21},"end":{"line":10,"column":43}},"type":"binary-expr","locations":[{"start":{"line":10,"column":21},"end":{"line":10,"column":37}},{"start":{"line":10,"column":41},"end":{"line":10,"column":43}}]},"2":{"loc":{"start":{"line":11,"column":16},"end":{"line":11,"column":38}},"type":"binary-expr","locations":[{"start":{"line":11,"column":16},"end":{"line":11,"column":27}},{"start":{"line":11,"column":31},"end":{"line":11,"column":38}}]},"3":{"loc":{"start":{"line":12,"column":16},"end":{"line":12,"column":35}},"type":"binary-expr","locations":[{"start":{"line":12,"column":16},"end":{"line":12,"column":27}},{"start":{"line":12,"column":31},"end":{"line":12,"column":35}}]}},"s":{"0":3,"1":0,"2":0,"3":3,"4":3},"f":{"0":0,"1":0},"b":{"0":[0,0],"1":[0,0],"2":[0,0],"3":[0,0]}}
,"/home/gabriel/projetos - Driven/modulo5/projeto21-autoral/back-end/src/repositories/users-repository/index.ts": {"path":"/home/gabriel/projetos - Driven/modulo5/projeto21-autoral/back-end/src/repositories/users-repository/index.ts","statementMap":{"0":{"start":{"line":1,"column":0},"end":{"line":1,"column":43}},"1":{"start":{"line":5,"column":2},"end":{"line":9,"column":5}},"2":{"start":{"line":13,"column":2},"end":{"line":19,"column":5}},"3":{"start":{"line":23,"column":2},"end":{"line":27,"column":5}},"4":{"start":{"line":30,"column":24},"end":{"line":34,"column":null}},"5":{"start":{"line":36,"column":0},"end":{"line":36,"column":31}}},"fnMap":{"0":{"name":"findUserByEmail","decl":{"start":{"line":4,"column":15},"end":{"line":4,"column":30}},"loc":{"start":{"line":4,"column":44},"end":{"line":10,"column":null}}},"1":{"name":"createNewUser","decl":{"start":{"line":12,"column":15},"end":{"line":12,"column":28}},"loc":{"start":{"line":12,"column":70},"end":{"line":20,"column":null}}},"2":{"name":"findUserById","decl":{"start":{"line":22,"column":15},"end":{"line":22,"column":27}},"loc":{"start":{"line":22,"column":38},"end":{"line":28,"column":null}}}},"branchMap":{},"s":{"0":3,"1":2,"2":1,"3":0,"4":3,"5":3},"f":{"0":2,"1":1,"2":0},"b":{}}
,"/home/gabriel/projetos - Driven/modulo5/projeto21-autoral/back-end/src/routers/auth-router.ts": {"path":"/home/gabriel/projetos - Driven/modulo5/projeto21-autoral/back-end/src/routers/auth-router.ts","statementMap":{"0":{"start":{"line":1,"column":0},"end":{"line":1,"column":33}},"1":{"start":{"line":2,"column":0},"end":{"line":2,"column":64}},"2":{"start":{"line":3,"column":0},"end":{"line":3,"column":68}},"3":{"start":{"line":4,"column":0},"end":{"line":4,"column":59}},"4":{"start":{"line":6,"column":19},"end":{"line":6,"column":27}},"5":{"start":{"line":10,"column":9},"end":{"line":10,"column":19}},"6":{"start":{"line":8,"column":0},"end":{"line":8,"column":76}}},"fnMap":{},"branchMap":{},"s":{"0":3,"1":3,"2":3,"3":3,"4":3,"5":3,"6":3},"f":{},"b":{}}
,"/home/gabriel/projetos - Driven/modulo5/projeto21-autoral/back-end/src/routers/notes-router.ts": {"path":"/home/gabriel/projetos - Driven/modulo5/projeto21-autoral/back-end/src/routers/notes-router.ts","statementMap":{"0":{"start":{"line":1,"column":0},"end":{"line":1,"column":33}},"1":{"start":{"line":2,"column":0},"end":{"line":2,"column":71}},"2":{"start":{"line":3,"column":0},"end":{"line":3,"column":77}},"3":{"start":{"line":4,"column":0},"end":{"line":4,"column":84}},"4":{"start":{"line":5,"column":0},"end":{"line":5,"column":71}},"5":{"start":{"line":7,"column":20},"end":{"line":7,"column":28}},"6":{"start":{"line":14,"column":11},"end":{"line":14,"column":22}},"7":{"start":{"line":9,"column":0},"end":{"line":12,"column":66}}},"fnMap":{},"branchMap":{},"s":{"0":3,"1":3,"2":3,"3":3,"4":3,"5":3,"6":3,"7":3},"f":{},"b":{}}
,"/home/gabriel/projetos - Driven/modulo5/projeto21-autoral/back-end/src/routers/projects-router.ts": {"path":"/home/gabriel/projetos - Driven/modulo5/projeto21-autoral/back-end/src/routers/projects-router.ts","statementMap":{"0":{"start":{"line":1,"column":0},"end":{"line":1,"column":33}},"1":{"start":{"line":2,"column":0},"end":{"line":2,"column":80}},"2":{"start":{"line":3,"column":0},"end":{"line":3,"column":77}},"3":{"start":{"line":4,"column":0},"end":{"line":4,"column":68}},"4":{"start":{"line":5,"column":0},"end":{"line":5,"column":58}},"5":{"start":{"line":7,"column":23},"end":{"line":7,"column":31}},"6":{"start":{"line":13,"column":9},"end":{"line":13,"column":23}},"7":{"start":{"line":9,"column":0},"end":{"line":11,"column":44}}},"fnMap":{},"branchMap":{},"s":{"0":3,"1":3,"2":3,"3":3,"4":3,"5":3,"6":3,"7":3},"f":{},"b":{}}
,"/home/gabriel/projetos - Driven/modulo5/projeto21-autoral/back-end/src/routers/sprints-router.ts": {"path":"/home/gabriel/projetos - Driven/modulo5/projeto21-autoral/back-end/src/routers/sprints-router.ts","statementMap":{"0":{"start":{"line":1,"column":0},"end":{"line":1,"column":33}},"1":{"start":{"line":2,"column":0},"end":{"line":2,"column":88}},"2":{"start":{"line":3,"column":0},"end":{"line":3,"column":77}},"3":{"start":{"line":4,"column":0},"end":{"line":4,"column":84}},"4":{"start":{"line":5,"column":0},"end":{"line":5,"column":77}},"5":{"start":{"line":7,"column":21},"end":{"line":7,"column":29}},"6":{"start":{"line":15,"column":9},"end":{"line":15,"column":21}},"7":{"start":{"line":9,"column":0},"end":{"line":12,"column":81}}},"fnMap":{},"branchMap":{},"s":{"0":3,"1":3,"2":3,"3":3,"4":3,"5":3,"6":3,"7":3},"f":{},"b":{}}
,"/home/gabriel/projetos - Driven/modulo5/projeto21-autoral/back-end/src/routers/tasks-router.ts": {"path":"/home/gabriel/projetos - Driven/modulo5/projeto21-autoral/back-end/src/routers/tasks-router.ts","statementMap":{"0":{"start":{"line":1,"column":0},"end":{"line":1,"column":33}},"1":{"start":{"line":2,"column":0},"end":{"line":2,"column":71}},"2":{"start":{"line":3,"column":0},"end":{"line":3,"column":77}},"3":{"start":{"line":4,"column":0},"end":{"line":4,"column":84}},"4":{"start":{"line":5,"column":0},"end":{"line":5,"column":71}},"5":{"start":{"line":7,"column":19},"end":{"line":7,"column":27}},"6":{"start":{"line":14,"column":9},"end":{"line":14,"column":19}},"7":{"start":{"line":9,"column":0},"end":{"line":12,"column":65}}},"fnMap":{},"branchMap":{},"s":{"0":3,"1":3,"2":3,"3":3,"4":3,"5":3,"6":3,"7":3},"f":{},"b":{}}
,"/home/gabriel/projetos - Driven/modulo5/projeto21-autoral/back-end/src/routers/users-router.ts": {"path":"/home/gabriel/projetos - Driven/modulo5/projeto21-autoral/back-end/src/routers/users-router.ts","statementMap":{"0":{"start":{"line":1,"column":0},"end":{"line":1,"column":33}},"1":{"start":{"line":2,"column":0},"end":{"line":2,"column":64}},"2":{"start":{"line":3,"column":0},"end":{"line":3,"column":68}},"3":{"start":{"line":4,"column":0},"end":{"line":4,"column":59}},"4":{"start":{"line":6,"column":20},"end":{"line":6,"column":28}},"5":{"start":{"line":10,"column":9},"end":{"line":10,"column":20}},"6":{"start":{"line":8,"column":0},"end":{"line":8,"column":70}}},"fnMap":{},"branchMap":{},"s":{"0":3,"1":3,"2":3,"3":3,"4":3,"5":3,"6":3},"f":{},"b":{}}
,"/home/gabriel/projetos - Driven/modulo5/projeto21-autoral/back-end/src/schemas/notes-schema.ts": {"path":"/home/gabriel/projetos - Driven/modulo5/projeto21-autoral/back-end/src/schemas/notes-schema.ts","statementMap":{"0":{"start":{"line":1,"column":0},"end":{"line":1,"column":22}},"1":{"start":{"line":3,"column":13},"end":{"line":6,"column":3}},"2":{"start":{"line":8,"column":13},"end":{"line":10,"column":3}}},"fnMap":{},"branchMap":{},"s":{"0":3,"1":3,"2":3},"f":{},"b":{}}
,"/home/gabriel/projetos - Driven/modulo5/projeto21-autoral/back-end/src/schemas/project-schema.ts": {"path":"/home/gabriel/projetos - Driven/modulo5/projeto21-autoral/back-end/src/schemas/project-schema.ts","statementMap":{"0":{"start":{"line":1,"column":0},"end":{"line":1,"column":22}},"1":{"start":{"line":3,"column":13},"end":{"line":5,"column":3}}},"fnMap":{},"branchMap":{},"s":{"0":3,"1":3},"f":{},"b":{}}
,"/home/gabriel/projetos - Driven/modulo5/projeto21-autoral/back-end/src/schemas/sprints-schema.ts": {"path":"/home/gabriel/projetos - Driven/modulo5/projeto21-autoral/back-end/src/schemas/sprints-schema.ts","statementMap":{"0":{"start":{"line":1,"column":0},"end":{"line":1,"column":22}},"1":{"start":{"line":3,"column":13},"end":{"line":6,"column":3}},"2":{"start":{"line":8,"column":13},"end":{"line":10,"column":3}}},"fnMap":{},"branchMap":{},"s":{"0":3,"1":3,"2":3},"f":{},"b":{}}
,"/home/gabriel/projetos - Driven/modulo5/projeto21-autoral/back-end/src/schemas/tasks-schema.ts": {"path":"/home/gabriel/projetos - Driven/modulo5/projeto21-autoral/back-end/src/schemas/tasks-schema.ts","statementMap":{"0":{"start":{"line":1,"column":0},"end":{"line":1,"column":22}},"1":{"start":{"line":3,"column":13},"end":{"line":11,"column":3}},"2":{"start":{"line":13,"column":13},"end":{"line":15,"column":3}}},"fnMap":{},"branchMap":{},"s":{"0":3,"1":3,"2":3},"f":{},"b":{}}
,"/home/gabriel/projetos - Driven/modulo5/projeto21-autoral/back-end/src/schemas/users-schema.ts": {"path":"/home/gabriel/projetos - Driven/modulo5/projeto21-autoral/back-end/src/schemas/users-schema.ts","statementMap":{"0":{"start":{"line":1,"column":0},"end":{"line":1,"column":22}},"1":{"start":{"line":3,"column":13},"end":{"line":7,"column":3}}},"fnMap":{},"branchMap":{},"s":{"0":3,"1":3},"f":{},"b":{}}
,"/home/gabriel/projetos - Driven/modulo5/projeto21-autoral/back-end/src/services/auth-service/index.ts": {"path":"/home/gabriel/projetos - Driven/modulo5/projeto21-autoral/back-end/src/services/auth-service/index.ts","statementMap":{"0":{"start":{"line":1,"column":0},"end":{"line":1,"column":64}},"1":{"start":{"line":2,"column":0},"end":{"line":2,"column":28}},"2":{"start":{"line":3,"column":0},"end":{"line":3,"column":31}},"3":{"start":{"line":11,"column":15},"end":{"line":11,"column":57}},"4":{"start":{"line":13,"column":2},"end":{"line":13,"column":72}},"5":{"start":{"line":13,"column":12},"end":{"line":13,"column":72}},"6":{"start":{"line":15,"column":25},"end":{"line":15,"column":68}},"7":{"start":{"line":17,"column":2},"end":{"line":17,"column":85}},"8":{"start":{"line":17,"column":22},"end":{"line":17,"column":85}},"9":{"start":{"line":19,"column":2},"end":{"line":19,"column":63}},"10":{"start":{"line":23,"column":20},"end":{"line":25,"column":2}},"11":{"start":{"line":27,"column":0},"end":{"line":27,"column":27}}},"fnMap":{"0":{"name":"signIn","decl":{"start":{"line":10,"column":15},"end":{"line":10,"column":21}},"loc":{"start":{"line":10,"column":53},"end":{"line":20,"column":null}}}},"branchMap":{"0":{"loc":{"start":{"line":13,"column":2},"end":{"line":13,"column":72}},"type":"if","locations":[{"start":{"line":13,"column":2},"end":{"line":13,"column":72}}]},"1":{"loc":{"start":{"line":17,"column":2},"end":{"line":17,"column":85}},"type":"if","locations":[{"start":{"line":17,"column":2},"end":{"line":17,"column":85}}]}},"s":{"0":3,"1":3,"2":3,"3":3,"4":3,"5":1,"6":2,"7":2,"8":1,"9":1,"10":3,"11":3},"f":{"0":3},"b":{"0":[1],"1":[1]}}
,"/home/gabriel/projetos - Driven/modulo5/projeto21-autoral/back-end/src/services/notes-service/index.ts": {"path":"/home/gabriel/projetos - Driven/modulo5/projeto21-autoral/back-end/src/services/notes-service/index.ts","statementMap":{"0":{"start":{"line":1,"column":0},"end":{"line":1,"column":65}},"1":{"start":{"line":2,"column":0},"end":{"line":2,"column":72}},"2":{"start":{"line":11,"column":18},"end":{"line":11,"column":73}},"3":{"start":{"line":13,"column":2},"end":{"line":13,"column":77}},"4":{"start":{"line":13,"column":15},"end":{"line":13,"column":77}},"5":{"start":{"line":15,"column":2},"end":{"line":15,"column":93}},"6":{"start":{"line":15,"column":32},"end":{"line":15,"column":93}},"7":{"start":{"line":17,"column":2},"end":{"line":17,"column":47}},"8":{"start":{"line":21,"column":18},"end":{"line":21,"column":68}},"9":{"start":{"line":23,"column":2},"end":{"line":23,"column":77}},"10":{"start":{"line":23,"column":15},"end":{"line":23,"column":77}},"11":{"start":{"line":25,"column":2},"end":{"line":25,"column":93}},"12":{"start":{"line":25,"column":32},"end":{"line":25,"column":93}},"13":{"start":{"line":27,"column":2},"end":{"line":27,"column":55}},"14":{"start":{"line":30,"column":20},"end":{"line":33,"column":2}},"15":{"start":{"line":35,"column":0},"end":{"line":35,"column":27}}},"fnMap":{"0":{"name":"createNote","decl":{"start":{"line":10,"column":15},"end":{"line":10,"column":25}},"loc":{"start":{"line":10,"column":52},"end":{"line":18,"column":2}}},"1":{"name":"getNotesByProjectId","decl":{"start":{"line":20,"column":15},"end":{"line":20,"column":34}},"loc":{"start":{"line":20,"column":68},"end":{"line":28,"column":null}}}},"branchMap":{"0":{"loc":{"start":{"line":13,"column":2},"end":{"line":13,"column":77}},"type":"if","locations":[{"start":{"line":13,"column":2},"end":{"line":13,"column":77}}]},"1":{"loc":{"start":{"line":15,"column":2},"end":{"line":15,"column":93}},"type":"if","locations":[{"start":{"line":15,"column":2},"end":{"line":15,"column":93}}]},"2":{"loc":{"start":{"line":23,"column":2},"end":{"line":23,"column":77}},"type":"if","locations":[{"start":{"line":23,"column":2},"end":{"line":23,"column":77}}]},"3":{"loc":{"start":{"line":25,"column":2},"end":{"line":25,"column":93}},"type":"if","locations":[{"start":{"line":25,"column":2},"end":{"line":25,"column":93}}]}},"s":{"0":3,"1":3,"2":0,"3":0,"4":0,"5":0,"6":0,"7":0,"8":0,"9":0,"10":0,"11":0,"12":0,"13":0,"14":3,"15":3},"f":{"0":0,"1":0},"b":{"0":[0],"1":[0],"2":[0],"3":[0]}}
,"/home/gabriel/projetos - Driven/modulo5/projeto21-autoral/back-end/src/services/projects-service/index.ts": {"path":"/home/gabriel/projetos - Driven/modulo5/projeto21-autoral/back-end/src/services/projects-service/index.ts","statementMap":{"0":{"start":{"line":1,"column":0},"end":{"line":1,"column":72}},"1":{"start":{"line":8,"column":19},"end":{"line":8,"column":71}},"2":{"start":{"line":10,"column":24},"end":{"line":10,"column":57}},"3":{"start":{"line":10,"column":42},"end":{"line":10,"column":56}},"4":{"start":{"line":12,"column":2},"end":{"line":12,"column":113}},"5":{"start":{"line":12,"column":43},"end":{"line":12,"column":113}},"6":{"start":{"line":14,"column":21},"end":{"line":14,"column":68}},"7":{"start":{"line":16,"column":2},"end":{"line":16,"column":88}},"8":{"start":{"line":16,"column":18},"end":{"line":16,"column":88}},"9":{"start":{"line":18,"column":2},"end":{"line":18,"column":82}},"10":{"start":{"line":22,"column":19},"end":{"line":22,"column":71}},"11":{"start":{"line":24,"column":2},"end":{"line":24,"column":22}},"12":{"start":{"line":27,"column":24},"end":{"line":30,"column":2}},"13":{"start":{"line":32,"column":0},"end":{"line":32,"column":31}}},"fnMap":{"0":{"name":"createProject","decl":{"start":{"line":7,"column":15},"end":{"line":7,"column":28}},"loc":{"start":{"line":7,"column":61},"end":{"line":19,"column":2}}},"1":{"name":"(anonymous_10)","decl":{"start":{"line":10,"column":37},"end":{"line":10,"column":38}},"loc":{"start":{"line":10,"column":42},"end":{"line":10,"column":56}}},"2":{"name":"getProjectsByUserId","decl":{"start":{"line":21,"column":15},"end":{"line":21,"column":34}},"loc":{"start":{"line":21,"column":49},"end":{"line":25,"column":2}}}},"branchMap":{"0":{"loc":{"start":{"line":12,"column":2},"end":{"line":12,"column":113}},"type":"if","locations":[{"start":{"line":12,"column":2},"end":{"line":12,"column":113}}]},"1":{"loc":{"start":{"line":16,"column":2},"end":{"line":16,"column":88}},"type":"if","locations":[{"start":{"line":16,"column":2},"end":{"line":16,"column":88}}]}},"s":{"0":3,"1":2,"2":2,"3":1,"4":2,"5":1,"6":1,"7":1,"8":0,"9":1,"10":0,"11":0,"12":3,"13":3},"f":{"0":2,"1":1,"2":0},"b":{"0":[1],"1":[0]}}
,"/home/gabriel/projetos - Driven/modulo5/projeto21-autoral/back-end/src/services/sprints-service/index.ts": {"path":"/home/gabriel/projetos - Driven/modulo5/projeto21-autoral/back-end/src/services/sprints-service/index.ts","statementMap":{"0":{"start":{"line":1,"column":0},"end":{"line":1,"column":71}},"1":{"start":{"line":2,"column":0},"end":{"line":2,"column":69}},"2":{"start":{"line":10,"column":18},"end":{"line":10,"column":75}},"3":{"start":{"line":12,"column":2},"end":{"line":12,"column":77}},"4":{"start":{"line":12,"column":15},"end":{"line":12,"column":77}},"5":{"start":{"line":14,"column":2},"end":{"line":14,"column":93}},"6":{"start":{"line":14,"column":32},"end":{"line":14,"column":93}},"7":{"start":{"line":16,"column":23},"end":{"line":16,"column":86}},"8":{"start":{"line":18,"column":2},"end":{"line":18,"column":90}},"9":{"start":{"line":18,"column":19},"end":{"line":18,"column":90}},"10":{"start":{"line":20,"column":2},"end":{"line":20,"column":53}},"11":{"start":{"line":9,"column":0},"end":{"line":9,"column":22}},"12":{"start":{"line":24,"column":18},"end":{"line":24,"column":68}},"13":{"start":{"line":26,"column":2},"end":{"line":26,"column":77}},"14":{"start":{"line":26,"column":15},"end":{"line":26,"column":77}},"15":{"start":{"line":28,"column":2},"end":{"line":28,"column":93}},"16":{"start":{"line":28,"column":32},"end":{"line":28,"column":93}},"17":{"start":{"line":30,"column":2},"end":{"line":30,"column":59}},"18":{"start":{"line":23,"column":0},"end":{"line":23,"column":22}},"19":{"start":{"line":33,"column":22},"end":{"line":36,"column":2}},"20":{"start":{"line":38,"column":0},"end":{"line":38,"column":29}}},"fnMap":{"0":{"name":"createSprint","decl":{"start":{"line":9,"column":22},"end":{"line":9,"column":34}},"loc":{"start":{"line":9,"column":65},"end":{"line":21,"column":2}}},"1":{"name":"getSprintsByProjectId","decl":{"start":{"line":23,"column":22},"end":{"line":23,"column":43}},"loc":{"start":{"line":23,"column":77},"end":{"line":31,"column":null}}}},"branchMap":{"0":{"loc":{"start":{"line":12,"column":2},"end":{"line":12,"column":77}},"type":"if","locations":[{"start":{"line":12,"column":2},"end":{"line":12,"column":77}}]},"1":{"loc":{"start":{"line":14,"column":2},"end":{"line":14,"column":93}},"type":"if","locations":[{"start":{"line":14,"column":2},"end":{"line":14,"column":93}}]},"2":{"loc":{"start":{"line":18,"column":2},"end":{"line":18,"column":90}},"type":"if","locations":[{"start":{"line":18,"column":2},"end":{"line":18,"column":90}}]},"3":{"loc":{"start":{"line":26,"column":2},"end":{"line":26,"column":77}},"type":"if","locations":[{"start":{"line":26,"column":2},"end":{"line":26,"column":77}}]},"4":{"loc":{"start":{"line":28,"column":2},"end":{"line":28,"column":93}},"type":"if","locations":[{"start":{"line":28,"column":2},"end":{"line":28,"column":93}}]}},"s":{"0":3,"1":3,"2":0,"3":0,"4":0,"5":0,"6":0,"7":0,"8":0,"9":0,"10":0,"11":3,"12":0,"13":0,"14":0,"15":0,"16":0,"17":0,"18":3,"19":3,"20":3},"f":{"0":0,"1":0},"b":{"0":[0],"1":[0],"2":[0],"3":[0],"4":[0]}}
,"/home/gabriel/projetos - Driven/modulo5/projeto21-autoral/back-end/src/services/tasks-sevice/index.ts": {"path":"/home/gabriel/projetos - Driven/modulo5/projeto21-autoral/back-end/src/services/tasks-sevice/index.ts","statementMap":{"0":{"start":{"line":1,"column":0},"end":{"line":1,"column":72}},"1":{"start":{"line":2,"column":0},"end":{"line":2,"column":69}},"2":{"start":{"line":3,"column":0},"end":{"line":3,"column":65}},"3":{"start":{"line":4,"column":0},"end":{"line":4,"column":66}},"4":{"start":{"line":17,"column":17},"end":{"line":17,"column":68}},"5":{"start":{"line":19,"column":2},"end":{"line":19,"column":75}},"6":{"start":{"line":19,"column":14},"end":{"line":19,"column":75}},"7":{"start":{"line":21,"column":20},"end":{"line":21,"column":77}},"8":{"start":{"line":23,"column":4},"end":{"line":23,"column":79}},"9":{"start":{"line":23,"column":17},"end":{"line":23,"column":79}},"10":{"start":{"line":25,"column":15},"end":{"line":25,"column":57}},"11":{"start":{"line":27,"column":2},"end":{"line":27,"column":93}},"12":{"start":{"line":27,"column":32},"end":{"line":27,"column":93}},"13":{"start":{"line":29,"column":2},"end":{"line":29,"column":52}},"14":{"start":{"line":33,"column":17},"end":{"line":33,"column":63}},"15":{"start":{"line":35,"column":2},"end":{"line":35,"column":75}},"16":{"start":{"line":35,"column":14},"end":{"line":35,"column":75}},"17":{"start":{"line":37,"column":18},"end":{"line":37,"column":75}},"18":{"start":{"line":39,"column":2},"end":{"line":39,"column":77}},"19":{"start":{"line":39,"column":15},"end":{"line":39,"column":77}},"20":{"start":{"line":41,"column":2},"end":{"line":41,"column":93}},"21":{"start":{"line":41,"column":32},"end":{"line":41,"column":93}},"22":{"start":{"line":43,"column":2},"end":{"line":43,"column":53}},"23":{"start":{"line":46,"column":20},"end":{"line":49,"column":2}},"24":{"start":{"line":51,"column":0},"end":{"line":51,"column":27}}},"fnMap":{"0":{"name":"createTask","decl":{"start":{"line":16,"column":15},"end":{"line":16,"column":25}},"loc":{"start":{"line":16,"column":52},"end":{"line":30,"column":2}}},"1":{"name":"getTasksBySprintId","decl":{"start":{"line":32,"column":15},"end":{"line":32,"column":33}},"loc":{"start":{"line":32,"column":66},"end":{"line":44,"column":null}}}},"branchMap":{"0":{"loc":{"start":{"line":19,"column":2},"end":{"line":19,"column":75}},"type":"if","locations":[{"start":{"line":19,"column":2},"end":{"line":19,"column":75}}]},"1":{"loc":{"start":{"line":23,"column":4},"end":{"line":23,"column":79}},"type":"if","locations":[{"start":{"line":23,"column":4},"end":{"line":23,"column":79}}]},"2":{"loc":{"start":{"line":27,"column":2},"end":{"line":27,"column":93}},"type":"if","locations":[{"start":{"line":27,"column":2},"end":{"line":27,"column":93}}]},"3":{"loc":{"start":{"line":35,"column":2},"end":{"line":35,"column":75}},"type":"if","locations":[{"start":{"line":35,"column":2},"end":{"line":35,"column":75}}]},"4":{"loc":{"start":{"line":39,"column":2},"end":{"line":39,"column":77}},"type":"if","locations":[{"start":{"line":39,"column":2},"end":{"line":39,"column":77}}]},"5":{"loc":{"start":{"line":41,"column":2},"end":{"line":41,"column":93}},"type":"if","locations":[{"start":{"line":41,"column":2},"end":{"line":41,"column":93}}]}},"s":{"0":3,"1":3,"2":3,"3":3,"4":0,"5":0,"6":0,"7":0,"8":0,"9":0,"10":0,"11":0,"12":0,"13":0,"14":0,"15":0,"16":0,"17":0,"18":0,"19":0,"20":0,"21":0,"22":0,"23":3,"24":3},"f":{"0":0,"1":0},"b":{"0":[0],"1":[0],"2":[0],"3":[0],"4":[0],"5":[0]}}
,"/home/gabriel/projetos - Driven/modulo5/projeto21-autoral/back-end/src/services/users-service/index.ts": {"path":"/home/gabriel/projetos - Driven/modulo5/projeto21-autoral/back-end/src/services/users-service/index.ts","statementMap":{"0":{"start":{"line":1,"column":0},"end":{"line":1,"column":66}},"1":{"start":{"line":2,"column":0},"end":{"line":2,"column":28}},"2":{"start":{"line":11,"column":2},"end":{"line":11,"column":41}},"3":{"start":{"line":13,"column":25},"end":{"line":13,"column":56}},"4":{"start":{"line":15,"column":15},"end":{"line":15,"column":93}},"5":{"start":{"line":17,"column":2},"end":{"line":17,"column":59}},"6":{"start":{"line":21,"column":28},"end":{"line":21,"column":72}},"7":{"start":{"line":23,"column":2},"end":{"line":23,"column":87}},"8":{"start":{"line":23,"column":24},"end":{"line":23,"column":87}},"9":{"start":{"line":26,"column":20},"end":{"line":28,"column":null}},"10":{"start":{"line":30,"column":0},"end":{"line":30,"column":27}}},"fnMap":{"0":{"name":"createNewUser","decl":{"start":{"line":10,"column":15},"end":{"line":10,"column":28}},"loc":{"start":{"line":10,"column":72},"end":{"line":18,"column":null}}},"1":{"name":"validateUniqueEmailOrFail","decl":{"start":{"line":20,"column":15},"end":{"line":20,"column":40}},"loc":{"start":{"line":20,"column":54},"end":{"line":24,"column":null}}}},"branchMap":{"0":{"loc":{"start":{"line":23,"column":2},"end":{"line":23,"column":87}},"type":"if","locations":[{"start":{"line":23,"column":2},"end":{"line":23,"column":87}}]}},"s":{"0":3,"1":3,"2":2,"3":1,"4":1,"5":1,"6":2,"7":2,"8":1,"9":3,"10":3},"f":{"0":2,"1":2},"b":{"0":[1]}}
,"/home/gabriel/projetos - Driven/modulo5/projeto21-autoral/back-end/tests/helpers.ts": {"path":"/home/gabriel/projetos - Driven/modulo5/projeto21-autoral/back-end/tests/helpers.ts","statementMap":{"0":{"start":{"line":1,"column":0},"end":{"line":1,"column":44}},"1":{"start":{"line":2,"column":0},"end":{"line":2,"column":31}},"2":{"start":{"line":12,"column":2},"end":{"line":12,"column":35}},"3":{"start":{"line":13,"column":2},"end":{"line":13,"column":37}},"4":{"start":{"line":14,"column":2},"end":{"line":14,"column":36}},"5":{"start":{"line":15,"column":2},"end":{"line":15,"column":42}},"6":{"start":{"line":16,"column":2},"end":{"line":16,"column":38}},"7":{"start":{"line":17,"column":2},"end":{"line":17,"column":35}},"8":{"start":{"line":11,"column":0},"end":{"line":11,"column":22}},"9":{"start":{"line":21,"column":16},"end":{"line":21,"column":69}},"10":{"start":{"line":23,"column":2},"end":{"line":23,"column":15}},"11":{"start":{"line":20,"column":0},"end":{"line":20,"column":22}}},"fnMap":{"0":{"name":"cleanDb","decl":{"start":{"line":11,"column":22},"end":{"line":11,"column":29}},"loc":{"start":{"line":11,"column":29},"end":{"line":18,"column":2}}},"1":{"name":"generateValidToken","decl":{"start":{"line":20,"column":22},"end":{"line":20,"column":40}},"loc":{"start":{"line":20,"column":51},"end":{"line":24,"column":2}}}},"branchMap":{},"s":{"0":3,"1":3,"2":3,"3":3,"4":3,"5":3,"6":3,"7":3,"8":3,"9":4,"10":4,"11":3},"f":{"0":3,"1":4},"b":{}}
,"/home/gabriel/projetos - Driven/modulo5/projeto21-autoral/back-end/tests/factories/projects-factory.ts": {"path":"/home/gabriel/projetos - Driven/modulo5/projeto21-autoral/back-end/tests/factories/projects-factory.ts","statementMap":{"0":{"start":{"line":1,"column":0},"end":{"line":1,"column":40}},"1":{"start":{"line":3,"column":0},"end":{"line":3,"column":47}},"2":{"start":{"line":6,"column":18},"end":{"line":12,"column":4}},"3":{"start":{"line":14,"column":2},"end":{"line":19,"column":5}},"4":{"start":{"line":21,"column":2},"end":{"line":21,"column":17}},"5":{"start":{"line":5,"column":0},"end":{"line":5,"column":22}}},"fnMap":{"0":{"name":"createProject","decl":{"start":{"line":5,"column":22},"end":{"line":5,"column":35}},"loc":{"start":{"line":5,"column":64},"end":{"line":22,"column":2}}}},"branchMap":{},"s":{"0":1,"1":1,"2":1,"3":1,"4":1,"5":1},"f":{"0":1},"b":{}}
,"/home/gabriel/projetos - Driven/modulo5/projeto21-autoral/back-end/tests/factories/users-factory.ts": {"path":"/home/gabriel/projetos - Driven/modulo5/projeto21-autoral/back-end/tests/factories/users-factory.ts","statementMap":{"0":{"start":{"line":1,"column":0},"end":{"line":1,"column":40}},"1":{"start":{"line":2,"column":0},"end":{"line":2,"column":28}},"2":{"start":{"line":3,"column":0},"end":{"line":3,"column":47}},"3":{"start":{"line":7,"column":15},"end":{"line":7,"column":37}},"4":{"start":{"line":9,"column":16},"end":{"line":9,"column":38}},"5":{"start":{"line":11,"column":19},"end":{"line":11,"column":45}},"6":{"start":{"line":13,"column":25},"end":{"line":13,"column":56}},"7":{"start":{"line":15,"column":15},"end":{"line":21,"column":4}},"8":{"start":{"line":23,"column":2},"end":{"line":23,"column":41}},"9":{"start":{"line":6,"column":0},"end":{"line":6,"column":22}}},"fnMap":{"0":{"name":"createUser","decl":{"start":{"line":6,"column":22},"end":{"line":6,"column":32}},"loc":{"start":{"line":6,"column":32},"end":{"line":24,"column":2}}}},"branchMap":{},"s":{"0":3,"1":3,"2":3,"3":8,"4":8,"5":8,"6":8,"7":8,"8":8,"9":3},"f":{"0":8},"b":{}}
}
