TN:
SF:src/app.ts
FN:15,(anonymous_8)
FN:15,(anonymous_9)
FNF:2
FNH:0
FNDA:0,(anonymous_8)
FNDA:0,(anonymous_9)
DA:1,3
DA:2,3
DA:3,3
DA:4,3
DA:5,3
DA:6,3
DA:7,3
DA:8,3
DA:10,3
DA:12,3
DA:15,0
DA:23,3
LF:12
LH:11
BRF:0
BRH:0
end_of_record
TN:
SF:src/config/database.ts
FNF:0
FNH:0
DA:1,3
DA:3,3
DA:5,3
LF:3
LH:3
BRF:0
BRH:0
end_of_record
TN:
SF:src/controllers/auth-controller.ts
FN:4,authController
FNF:1
FNH:1
FNDA:3,authController
DA:2,3
DA:4,3
DA:5,3
DA:7,3
DA:8,3
DA:10,1
DA:12,2
DA:14,2
LF:8
LH:8
BRF:0
BRH:0
end_of_record
TN:
SF:src/controllers/notes-controller.ts
FN:4,createNote
FN:22,getNotes
FNF:2
FNH:0
FNDA:0,createNote
FNDA:0,getNotes
DA:2,3
DA:4,3
DA:5,0
DA:7,0
DA:9,0
DA:10,0
DA:12,0
DA:14,0
DA:16,0
DA:18,0
DA:22,3
DA:23,0
DA:25,0
DA:26,0
DA:27,0
DA:29,0
DA:31,0
DA:33,0
DA:35,0
LF:19
LH:3
BRDA:16,0,0,0
BRDA:33,1,0,0
BRF:2
BRH:0
end_of_record
TN:
SF:src/controllers/projects-controller.ts
FN:4,createProject
FN:22,getProjects
FNF:2
FNH:1
FNDA:2,createProject
FNDA:0,getProjects
DA:2,3
DA:4,3
DA:5,2
DA:7,2
DA:9,2
DA:10,2
DA:12,1
DA:14,1
DA:16,1
DA:18,0
DA:22,3
DA:23,0
DA:25,0
DA:26,0
DA:28,0
DA:30,0
DA:32,0
LF:17
LH:10
BRDA:16,0,0,1
BRF:1
BRH:1
end_of_record
TN:
SF:src/controllers/sprints-controller.ts
FN:4,createSprint
FN:25,getSprintsByProjectId
FNF:2
FNH:0
FNDA:0,createSprint
FNDA:0,getSprintsByProjectId
DA:2,3
DA:4,3
DA:5,0
DA:7,0
DA:9,0
DA:10,0
DA:12,0
DA:14,0
DA:15,0
DA:17,0
DA:19,0
DA:21,0
DA:25,3
DA:26,0
DA:28,0
DA:30,0
DA:31,0
DA:33,0
DA:36,0
DA:38,0
LF:20
LH:3
BRDA:15,0,0,0
BRDA:17,1,0,0
BRDA:19,2,0,0
BRF:3
BRH:0
end_of_record
TN:
SF:src/controllers/tasks-controller.ts
FN:4,createTask
FN:23,getTasks
FNF:2
FNH:0
FNDA:0,createTask
FNDA:0,getTasks
DA:2,3
DA:4,3
DA:5,0
DA:7,0
DA:8,0
DA:9,0
DA:11,0
DA:13,0
DA:15,0
DA:17,0
DA:19,0
DA:23,3
DA:24,0
DA:26,0
DA:28,0
DA:29,0
DA:31,0
DA:33,0
DA:35,0
DA:37,0
DA:39,0
LF:21
LH:3
BRDA:15,0,0,0
BRDA:17,1,0,0
BRDA:35,2,0,0
BRDA:37,3,0,0
BRF:4
BRH:0
end_of_record
TN:
SF:src/controllers/users-controller.ts
FN:4,createNewUser
FNF:1
FNH:1
FNDA:2,createNewUser
DA:2,3
DA:4,3
DA:5,2
DA:7,2
DA:8,2
DA:10,1
DA:12,1
DA:14,1
LF:8
LH:8
BRF:0
BRH:0
end_of_record
TN:
SF:src/middlewares/authentication-middleware.ts
FN:9,authenticateToken
FNF:1
FNH:1
FNDA:6,authenticateToken
DA:2,3
DA:3,3
DA:9,3
DA:10,6
DA:12,6
DA:14,5
DA:16,5
DA:18,5
DA:19,5
DA:21,4
DA:27,4
DA:29,4
DA:31,4
DA:34,1
DA:36,1
LF:15
LH:15
BRDA:12,0,0,1
BRDA:16,1,0,0
BRDA:27,2,0,0
BRF:3
BRH:1
end_of_record
TN:
SF:src/middlewares/validation-middleware.ts
FN:6,validateBody
FN:11,validateParams
FN:15,validate
FN:16,(anonymous_3)
FN:24,(anonymous_4)
FNF:5
FNH:5
FNDA:18,validateBody
FNDA:9,validateParams
FNDA:27,validate
FNDA:13,(anonymous_3)
FNDA:17,(anonymous_4)
DA:6,3
DA:7,18
DA:11,3
DA:12,9
DA:16,27
DA:17,13
DA:21,13
DA:22,7
DA:24,17
LF:9
LH:9
BRDA:21,0,0,7
BRDA:21,0,1,6
BRF:2
BRH:2
end_of_record
TN:
SF:src/repositories/auth-repository/index.ts
FN:3,getUserByEmail
FNF:1
FNH:1
FNDA:3,getUserByEmail
DA:1,3
DA:4,3
DA:11,3
DA:15,3
LF:4
LH:4
BRF:0
BRH:0
end_of_record
TN:
SF:src/repositories/notes-repository/index.ts
FN:4,createNote
FN:14,getNotesByProjectId
FNF:2
FNH:0
FNDA:0,createNote
FNDA:0,getNotesByProjectId
DA:1,3
DA:5,0
DA:15,0
DA:22,3
DA:27,3
LF:5
LH:3
BRF:0
BRH:0
end_of_record
TN:
SF:src/repositories/projects-repository/index.ts
FN:4,createProject
FN:14,createProjectMiddleTable
FN:23,getProjectsByUserId
FN:34,getProjectById
FNF:4
FNH:3
FNDA:1,createProject
FNDA:1,createProjectMiddleTable
FNDA:2,getProjectsByUserId
FNDA:0,getProjectById
DA:1,3
DA:5,1
DA:15,1
DA:24,2
DA:35,0
DA:45,3
DA:52,3
LF:7
LH:6
BRF:0
BRH:0
end_of_record
TN:
SF:src/repositories/sprints-repository/index.ts
FN:4,getSprintByNumber
FN:12,createSprint
FN:23,getSprintById
FN:31,getSprintsByProjectId
FNF:4
FNH:0
FNDA:0,getSprintByNumber
FNDA:0,createSprint
FNDA:0,getSprintById
FNDA:0,getSprintsByProjectId
DA:1,3
DA:5,0
DA:13,0
DA:24,0
DA:32,0
DA:39,3
DA:46,3
LF:7
LH:3
BRF:0
BRH:0
end_of_record
TN:
SF:src/repositories/tasks-repository/index.ts
FN:4,createTask
FN:18,getTasksBySprintId
FNF:2
FNH:0
FNDA:0,createTask
FNDA:0,getTasksBySprintId
DA:1,3
DA:5,0
DA:19,0
DA:26,3
DA:31,3
LF:5
LH:3
BRDA:8,0,0,0
BRDA:8,0,1,0
BRDA:10,1,0,0
BRDA:10,1,1,0
BRDA:11,2,0,0
BRDA:11,2,1,0
BRDA:12,3,0,0
BRDA:12,3,1,0
BRF:8
BRH:0
end_of_record
TN:
SF:src/repositories/users-repository/index.ts
FN:4,findUserByEmail
FN:12,createNewUser
FN:22,findUserById
FNF:3
FNH:2
FNDA:2,findUserByEmail
FNDA:1,createNewUser
FNDA:0,findUserById
DA:1,3
DA:5,2
DA:13,1
DA:23,0
DA:30,3
DA:36,3
LF:6
LH:5
BRF:0
BRH:0
end_of_record
TN:
SF:src/routers/auth-router.ts
FNF:0
FNH:0
DA:1,3
DA:2,3
DA:3,3
DA:4,3
DA:6,3
DA:8,3
DA:10,3
LF:7
LH:7
BRF:0
BRH:0
end_of_record
TN:
SF:src/routers/notes-router.ts
FNF:0
FNH:0
DA:1,3
DA:2,3
DA:3,3
DA:4,3
DA:5,3
DA:7,3
DA:9,3
DA:14,3
LF:8
LH:8
BRF:0
BRH:0
end_of_record
TN:
SF:src/routers/projects-router.ts
FNF:0
FNH:0
DA:1,3
DA:2,3
DA:3,3
DA:4,3
DA:5,3
DA:7,3
DA:9,3
DA:13,3
LF:8
LH:8
BRF:0
BRH:0
end_of_record
TN:
SF:src/routers/sprints-router.ts
FNF:0
FNH:0
DA:1,3
DA:2,3
DA:3,3
DA:4,3
DA:5,3
DA:7,3
DA:9,3
DA:15,3
LF:8
LH:8
BRF:0
BRH:0
end_of_record
TN:
SF:src/routers/tasks-router.ts
FNF:0
FNH:0
DA:1,3
DA:2,3
DA:3,3
DA:4,3
DA:5,3
DA:7,3
DA:9,3
DA:14,3
LF:8
LH:8
BRF:0
BRH:0
end_of_record
TN:
SF:src/routers/users-router.ts
FNF:0
FNH:0
DA:1,3
DA:2,3
DA:3,3
DA:4,3
DA:6,3
DA:8,3
DA:10,3
LF:7
LH:7
BRF:0
BRH:0
end_of_record
TN:
SF:src/schemas/notes-schema.ts
FNF:0
FNH:0
DA:1,3
DA:3,3
DA:8,3
LF:3
LH:3
BRF:0
BRH:0
end_of_record
TN:
SF:src/schemas/project-schema.ts
FNF:0
FNH:0
DA:1,3
DA:3,3
LF:2
LH:2
BRF:0
BRH:0
end_of_record
TN:
SF:src/schemas/sprints-schema.ts
FNF:0
FNH:0
DA:1,3
DA:3,3
DA:8,3
LF:3
LH:3
BRF:0
BRH:0
end_of_record
TN:
SF:src/schemas/tasks-schema.ts
FNF:0
FNH:0
DA:1,3
DA:3,3
DA:13,3
LF:3
LH:3
BRF:0
BRH:0
end_of_record
TN:
SF:src/schemas/users-schema.ts
FNF:0
FNH:0
DA:1,3
DA:3,3
LF:2
LH:2
BRF:0
BRH:0
end_of_record
TN:
SF:src/services/auth-service/index.ts
FN:10,signIn
FNF:1
FNH:1
FNDA:3,signIn
DA:1,3
DA:2,3
DA:3,3
DA:11,3
DA:13,3
DA:15,2
DA:17,2
DA:19,1
DA:23,3
DA:27,3
LF:10
LH:10
BRDA:13,0,0,1
BRDA:17,1,0,1
BRF:2
BRH:2
end_of_record
TN:
SF:src/services/notes-service/index.ts
FN:10,createNote
FN:20,getNotesByProjectId
FNF:2
FNH:0
FNDA:0,createNote
FNDA:0,getNotesByProjectId
DA:1,3
DA:2,3
DA:11,0
DA:13,0
DA:15,0
DA:17,0
DA:21,0
DA:23,0
DA:25,0
DA:27,0
DA:30,3
DA:35,3
LF:12
LH:4
BRDA:13,0,0,0
BRDA:15,1,0,0
BRDA:23,2,0,0
BRDA:25,3,0,0
BRF:4
BRH:0
end_of_record
TN:
SF:src/services/projects-service/index.ts
FN:7,createProject
FN:10,(anonymous_10)
FN:21,getProjectsByUserId
FNF:3
FNH:2
FNDA:2,createProject
FNDA:1,(anonymous_10)
FNDA:0,getProjectsByUserId
DA:1,3
DA:8,2
DA:10,2
DA:12,2
DA:14,1
DA:16,1
DA:18,1
DA:22,0
DA:24,0
DA:27,3
DA:32,3
LF:11
LH:9
BRDA:12,0,0,1
BRDA:16,1,0,0
BRF:2
BRH:1
end_of_record
TN:
SF:src/services/sprints-service/index.ts
FN:9,createSprint
FN:23,getSprintsByProjectId
FNF:2
FNH:0
FNDA:0,createSprint
FNDA:0,getSprintsByProjectId
DA:1,3
DA:2,3
DA:9,3
DA:10,0
DA:12,0
DA:14,0
DA:16,0
DA:18,0
DA:20,0
DA:23,3
DA:24,0
DA:26,0
DA:28,0
DA:30,0
DA:33,3
DA:38,3
LF:16
LH:6
BRDA:12,0,0,0
BRDA:14,1,0,0
BRDA:18,2,0,0
BRDA:26,3,0,0
BRDA:28,4,0,0
BRF:5
BRH:0
end_of_record
TN:
SF:src/services/tasks-sevice/index.ts
FN:16,createTask
FN:32,getTasksBySprintId
FNF:2
FNH:0
FNDA:0,createTask
FNDA:0,getTasksBySprintId
DA:1,3
DA:2,3
DA:3,3
DA:4,3
DA:17,0
DA:19,0
DA:21,0
DA:23,0
DA:25,0
DA:27,0
DA:29,0
DA:33,0
DA:35,0
DA:37,0
DA:39,0
DA:41,0
DA:43,0
DA:46,3
DA:51,3
LF:19
LH:6
BRDA:19,0,0,0
BRDA:23,1,0,0
BRDA:27,2,0,0
BRDA:35,3,0,0
BRDA:39,4,0,0
BRDA:41,5,0,0
BRF:6
BRH:0
end_of_record
TN:
SF:src/services/users-service/index.ts
FN:10,createNewUser
FN:20,validateUniqueEmailOrFail
FNF:2
FNH:2
FNDA:2,createNewUser
FNDA:2,validateUniqueEmailOrFail
DA:1,3
DA:2,3
DA:11,2
DA:13,1
DA:15,1
DA:17,1
DA:21,2
DA:23,2
DA:26,3
DA:30,3
LF:10
LH:10
BRDA:23,0,0,1
BRF:1
BRH:1
end_of_record
TN:
SF:tests/helpers.ts
FN:11,cleanDb
FN:20,generateValidToken
FNF:2
FNH:2
FNDA:3,cleanDb
FNDA:4,generateValidToken
DA:1,3
DA:2,3
DA:11,3
DA:12,3
DA:13,3
DA:14,3
DA:15,3
DA:16,3
DA:17,3
DA:20,3
DA:21,4
DA:23,4
LF:12
LH:12
BRF:0
BRH:0
end_of_record
TN:
SF:tests/factories/projects-factory.ts
FN:5,createProject
FNF:1
FNH:1
FNDA:1,createProject
DA:1,1
DA:3,1
DA:5,1
DA:6,1
DA:14,1
DA:21,1
LF:6
LH:6
BRF:0
BRH:0
end_of_record
TN:
SF:tests/factories/users-factory.ts
FN:6,createUser
FNF:1
FNH:1
FNDA:8,createUser
DA:1,3
DA:2,3
DA:3,3
DA:6,3
DA:7,8
DA:9,8
DA:11,8
DA:13,8
DA:15,8
DA:23,8
LF:10
LH:10
BRF:0
BRH:0
end_of_record
